Using pre-set license
Built from '2020.3/staging' branch; Version is '2020.3.0f1 (c7b5465681fb) revision 13088070'; Using compiler version '192528614'; Build Type 'Release'
OS: 'Windows 10 Pro; OS build 19042.804; Version 2009; 64bit' Language: 'ko' Physical Memory: 32680 MB
BatchMode: 1, IsHumanControllingUs: 0, StartBugReporterOnCrash: 0, Is64bit: 1, IsPro: 0

 COMMAND LINE ARGUMENTS:
C:\Program Files\Unity\Hub\Editor\2020.3.0f1\Editor\Unity.exe
-adb2
-batchMode
-noUpm
-name
AssetImportWorker0
-projectPath
I:/CODE/TeamProject_2021/TeamProject
-logFile
Logs/AssetImportWorker0.log
-srvPort
4234
Successfully changed project path to: I:/CODE/TeamProject_2021/TeamProject
I:/CODE/TeamProject_2021/TeamProject
Using Asset Import Pipeline V2.
Refreshing native plugins compatible for Editor in 22.42 ms, found 0 plugins.
Preloading 0 native plugins for Editor in 0.00 ms.
Initialize engine version: 2020.3.0f1 (c7b5465681fb)
[Subsystems] Discovering subsystems at path C:/Program Files/Unity/Hub/Editor/2020.3.0f1/Editor/Data/Resources/UnitySubsystems
[Subsystems] Discovering subsystems at path I:/CODE/TeamProject_2021/TeamProject/Assets
GfxDevice: creating device client; threaded=0
Direct3D:
    Version:  Direct3D 11.0 [level 11.1]
    Renderer: NVIDIA GeForce RTX 2070 (ID=0x1f02)
    Vendor:   
    VRAM:     8031 MB
    Driver:   27.21.14.6627
Initialize mono
Mono path[0] = 'C:/Program Files/Unity/Hub/Editor/2020.3.0f1/Editor/Data/Managed'
Mono path[1] = 'C:/Program Files/Unity/Hub/Editor/2020.3.0f1/Editor/Data/MonoBleedingEdge/lib/mono/unityjit'
Mono config path = 'C:/Program Files/Unity/Hub/Editor/2020.3.0f1/Editor/Data/MonoBleedingEdge/etc'
Using monoOptions --debugger-agent=transport=dt_socket,embedding=1,server=y,suspend=n,address=127.0.0.1:56904
Begin MonoManager ReloadAssembly
Registering precompiled unity dll's ...
Register platform support module: C:/Program Files/Unity/Hub/Editor/2020.3.0f1/Editor/Data/PlaybackEngines/WindowsStandaloneSupport/UnityEditor.WindowsStandalone.Extensions.dll
Registered in 0.001426 seconds.
Native extension for WindowsStandalone target not found
Refreshing native plugins compatible for Editor in 22.61 ms, found 0 plugins.
Preloading 0 native plugins for Editor in 0.00 ms.
Invoked RoslynAnalysisRunner static constructor.
RoslynAnalysisRunner will not be running.
RoslynAnalysisRunner has terminated.
Mono: successfully reloaded assembly
- Completed reload, in  1.288 seconds
Platform modules already initialized, skipping
Registering precompiled user dll's ...
Registered in 0.000434 seconds.
Begin MonoManager ReloadAssembly
Native extension for WindowsStandalone target not found
Refreshing native plugins compatible for Editor in 0.32 ms, found 0 plugins.
Preloading 0 native plugins for Editor in 0.00 ms.
Invoked RoslynAnalysisRunner static constructor.
RoslynAnalysisRunner will not be running.
RoslynAnalysisRunner has terminated.
Mono: successfully reloaded assembly
- Completed reload, in  0.526 seconds
Platform modules already initialized, skipping
========================================================================
Worker process is ready to serve import requests
Launched and connected shader compiler UnityShaderCompiler.exe after 0.03 seconds
Refreshing native plugins compatible for Editor in 0.31 ms, found 0 plugins.
Preloading 0 native plugins for Editor in 0.00 ms.
Unloading 1439 Unused Serialized files (Serialized files now loaded: 0)
System memory in use before: 81.9 MB.
System memory in use after: 82.0 MB.

Unloading 10 unused Assets to reduce memory usage. Loaded Objects now: 1891.
Total: 1.597200 ms (FindLiveObjects: 0.150600 ms CreateObjectMapping: 0.049800 ms MarkObjects: 1.350700 ms  DeleteObjects: 0.045300 ms)

========================================================================
Received Import Request.
  path: Assets/Scenes/MainTittle.unity
  artifactKey: Guid(4b99165569e1b854eaf83beb04de0ae5) Importer(815301076,1909f56bfc062723c751e8b465ee728b)
Start importing Assets/Scenes/MainTittle.unity using Guid(4b99165569e1b854eaf83beb04de0ae5) Importer(815301076,1909f56bfc062723c751e8b465ee728b)  -> (artifact id: '3204600030b863f00cde8c8f9a8a76f9') in 0.012766 seconds
  Import took 0.014717 seconds .

========================================================================
Received Import Request.
  Time since last request: 4.400754 seconds.
  path: Assets/Scenes/Game.unity
  artifactKey: Guid(8369698197e576246943cc7d615251f9) Importer(815301076,1909f56bfc062723c751e8b465ee728b)
Start importing Assets/Scenes/Game.unity using Guid(8369698197e576246943cc7d615251f9) Importer(815301076,1909f56bfc062723c751e8b465ee728b)  -> (artifact id: '595cb84ebae9c875fc79040298ce1381') in 0.005234 seconds
  Import took 0.007226 seconds .

========================================================================
Received Prepare
Registering precompiled user dll's ...
Registered in 0.000338 seconds.
Begin MonoManager ReloadAssembly
Native extension for WindowsStandalone target not found
Refreshing native plugins compatible for Editor in 0.28 ms, found 0 plugins.
Preloading 0 native plugins for Editor in 0.00 ms.
Invoked RoslynAnalysisRunner static constructor.
RoslynAnalysisRunner will not be running.
RoslynAnalysisRunner has terminated.
Mono: successfully reloaded assembly
- Completed reload, in  0.503 seconds
Platform modules already initialized, skipping
Refreshing native plugins compatible for Editor in 0.31 ms, found 0 plugins.
Preloading 0 native plugins for Editor in 0.00 ms.
Unloading 1314 Unused Serialized files (Serialized files now loaded: 0)
System memory in use before: 75.5 MB.
System memory in use after: 75.6 MB.

Unloading 5 unused Assets to reduce memory usage. Loaded Objects now: 1895.
Total: 1.404500 ms (FindLiveObjects: 0.130100 ms CreateObjectMapping: 0.033900 ms MarkObjects: 1.227500 ms  DeleteObjects: 0.012300 ms)

========================================================================
Received Import Request.
  Time since last request: 113.260103 seconds.
  path: Assets/Script/Enemy.cs
  artifactKey: Guid(e3f3801a09fef5a4887cc08fac653ced) Importer(815301076,1909f56bfc062723c751e8b465ee728b)
Start importing Assets/Script/Enemy.cs using Guid(e3f3801a09fef5a4887cc08fac653ced) Importer(815301076,1909f56bfc062723c751e8b465ee728b)  -> (artifact id: '508232de8e265fb85e937321418e7081') in 0.017107 seconds
  Import took 0.019185 seconds .

========================================================================
Received Import Request.
  Time since last request: 0.005157 seconds.
  path: Assets/Script/Enemy.cs
  artifactKey: Guid(e3f3801a09fef5a4887cc08fac653ced) Importer(815301076,1909f56bfc062723c751e8b465ee728b)
Start importing Assets/Script/Enemy.cs using Guid(e3f3801a09fef5a4887cc08fac653ced) Importer(815301076,1909f56bfc062723c751e8b465ee728b)  -> (artifact id: '508232de8e265fb85e937321418e7081') in 0.001082 seconds
  Import took 0.002691 seconds .

========================================================================
Received Import Request.
  Time since last request: 26.999133 seconds.
  path: Assets/Script/GameMenu.cs
  artifactKey: Guid(0f65719c46d374d43ba7071ee2e7cf63) Importer(815301076,1909f56bfc062723c751e8b465ee728b)
Start importing Assets/Script/GameMenu.cs using Guid(0f65719c46d374d43ba7071ee2e7cf63) Importer(815301076,1909f56bfc062723c751e8b465ee728b)  -> (artifact id: 'c1abb8eef83cb44a17e3a454f0df1424') in 0.005397 seconds
  Import took 0.007436 seconds .

========================================================================
Received Import Request.
  Time since last request: 0.000596 seconds.
  path: Assets/Script/GameMenu.cs
  artifactKey: Guid(0f65719c46d374d43ba7071ee2e7cf63) Importer(815301076,1909f56bfc062723c751e8b465ee728b)
Start importing Assets/Script/GameMenu.cs using Guid(0f65719c46d374d43ba7071ee2e7cf63) Importer(815301076,1909f56bfc062723c751e8b465ee728b)  -> (artifact id: 'c1abb8eef83cb44a17e3a454f0df1424') in 0.006074 seconds
  Import took 0.007874 seconds .

========================================================================
Received Prepare
Registering precompiled user dll's ...
Registered in 0.000360 seconds.
Begin MonoManager ReloadAssembly
Native extension for WindowsStandalone target not found
Refreshing native plugins compatible for Editor in 0.45 ms, found 0 plugins.
Preloading 0 native plugins for Editor in 0.00 ms.
Invoked RoslynAnalysisRunner static constructor.
RoslynAnalysisRunner will not be running.
RoslynAnalysisRunner has terminated.
Mono: successfully reloaded assembly
- Completed reload, in  0.497 seconds
Platform modules already initialized, skipping
Refreshing native plugins compatible for Editor in 0.30 ms, found 0 plugins.
Preloading 0 native plugins for Editor in 0.00 ms.
Unloading 1312 Unused Serialized files (Serialized files now loaded: 0)
System memory in use before: 75.4 MB.
System memory in use after: 75.5 MB.

Unloading 5 unused Assets to reduce memory usage. Loaded Objects now: 1898.
Total: 1.519100 ms (FindLiveObjects: 0.143600 ms CreateObjectMapping: 0.032500 ms MarkObjects: 1.331600 ms  DeleteObjects: 0.010500 ms)

========================================================================
Received Prepare
Registering precompiled user dll's ...
Registered in 0.000354 seconds.
Begin MonoManager ReloadAssembly
Native extension for WindowsStandalone target not found
Refreshing native plugins compatible for Editor in 0.29 ms, found 0 plugins.
Preloading 0 native plugins for Editor in 0.00 ms.
Invoked RoslynAnalysisRunner static constructor.
RoslynAnalysisRunner will not be running.
RoslynAnalysisRunner has terminated.
Mono: successfully reloaded assembly
- Completed reload, in  0.501 seconds
Platform modules already initialized, skipping
Refreshing native plugins compatible for Editor in 0.30 ms, found 0 plugins.
Preloading 0 native plugins for Editor in 0.00 ms.
Unloading 1313 Unused Serialized files (Serialized files now loaded: 0)
System memory in use before: 75.5 MB.
System memory in use after: 75.6 MB.

Unloading 5 unused Assets to reduce memory usage. Loaded Objects now: 1901.
Total: 1.632800 ms (FindLiveObjects: 0.147600 ms CreateObjectMapping: 0.041600 ms MarkObjects: 1.432600 ms  DeleteObjects: 0.010500 ms)

========================================================================
Received Import Request.
  Time since last request: 48.656287 seconds.
  path: Assets/Script/ButtonExtension.cs
  artifactKey: Guid(83d94d7f1d661544da2b972c979175fe) Importer(815301076,1909f56bfc062723c751e8b465ee728b)
Start importing Assets/Script/ButtonExtension.cs using Guid(83d94d7f1d661544da2b972c979175fe) Importer(815301076,1909f56bfc062723c751e8b465ee728b)  -> (artifact id: 'ada3f2f8ac82f70408b09e1730d8e8fc') in 0.006509 seconds
  Import took 0.008725 seconds .

========================================================================
Received Import Request.
  Time since last request: 0.016625 seconds.
  path: Assets/Script/ButtonExtension.cs
  artifactKey: Guid(83d94d7f1d661544da2b972c979175fe) Importer(815301076,1909f56bfc062723c751e8b465ee728b)
Start importing Assets/Script/ButtonExtension.cs using Guid(83d94d7f1d661544da2b972c979175fe) Importer(815301076,1909f56bfc062723c751e8b465ee728b)  -> (artifact id: 'ada3f2f8ac82f70408b09e1730d8e8fc') in 0.001123 seconds
  Import took 0.002928 seconds .

========================================================================
Received Import Request.
  Time since last request: 16.214631 seconds.
  path: Assets/Script/Player.cs
  artifactKey: Guid(94263003537b5be4d89c48f2d476fb95) Importer(815301076,1909f56bfc062723c751e8b465ee728b)
Start importing Assets/Script/Player.cs using Guid(94263003537b5be4d89c48f2d476fb95) Importer(815301076,1909f56bfc062723c751e8b465ee728b)  -> (artifact id: 'd8d5efac460bafc33ca6a20971911023') in 0.005150 seconds
  Import took 0.007106 seconds .

========================================================================
Received Import Request.
  Time since last request: 4.209143 seconds.
  path: Assets/Script/StartMenu.cs
  artifactKey: Guid(aa20e8fc72686a44b9fa219b142f3c9c) Importer(815301076,1909f56bfc062723c751e8b465ee728b)
Start importing Assets/Script/StartMenu.cs using Guid(aa20e8fc72686a44b9fa219b142f3c9c) Importer(815301076,1909f56bfc062723c751e8b465ee728b)  -> (artifact id: '6e383590c4df19cebfc22950954c2072') in 0.005140 seconds
  Import took 0.007290 seconds .

========================================================================
Received Import Request.
  Time since last request: 0.000156 seconds.
  path: Assets/Script/StartMenu.cs
  artifactKey: Guid(aa20e8fc72686a44b9fa219b142f3c9c) Importer(815301076,1909f56bfc062723c751e8b465ee728b)
Start importing Assets/Script/StartMenu.cs using Guid(aa20e8fc72686a44b9fa219b142f3c9c) Importer(815301076,1909f56bfc062723c751e8b465ee728b)  -> (artifact id: '6e383590c4df19cebfc22950954c2072') in 0.005867 seconds
  Import took 0.007325 seconds .

========================================================================
Received Import Request.
  Time since last request: 6.075098 seconds.
  path: Assets/Script/Bullet.cs
  artifactKey: Guid(83807ddf1c0145440a5c0b2ecfd65dd6) Importer(815301076,1909f56bfc062723c751e8b465ee728b)
Start importing Assets/Script/Bullet.cs using Guid(83807ddf1c0145440a5c0b2ecfd65dd6) Importer(815301076,1909f56bfc062723c751e8b465ee728b)  -> (artifact id: '05fb58cc1533ea98407fc87d407c1ec1') in 0.001256 seconds
  Import took 0.003293 seconds .

