Using pre-set license
Built from '2020.3/staging' branch; Version is '2020.3.0f1 (c7b5465681fb) revision 13088070'; Using compiler version '192528614'; Build Type 'Release'
OS: 'Windows 10 Pro; OS build 19041.208; Version 2004; 64bit' Language: 'ko' Physical Memory: 16194 MB
BatchMode: 1, IsHumanControllingUs: 0, StartBugReporterOnCrash: 0, Is64bit: 1, IsPro: 0

 COMMAND LINE ARGUMENTS:
C:\Program Files\Unity\Editor\Unity.exe
-adb2
-batchMode
-noUpm
-name
AssetImportWorker1
-projectPath
D:/TeamProject_2021/TeamProject
-logFile
Logs/AssetImportWorker1.log
-srvPort
1864
Successfully changed project path to: D:/TeamProject_2021/TeamProject
D:/TeamProject_2021/TeamProject
Using Asset Import Pipeline V2.
Refreshing native plugins compatible for Editor in 56.57 ms, found 1 plugins.
Preloading 0 native plugins for Editor in 0.00 ms.
Initialize engine version: 2020.3.0f1 (c7b5465681fb)
[Subsystems] Discovering subsystems at path C:/Program Files/Unity/Editor/Data/Resources/UnitySubsystems
[Subsystems] Discovering subsystems at path D:/TeamProject_2021/TeamProject/Assets
GfxDevice: creating device client; threaded=0
Direct3D:
    Version:  Direct3D 11.0 [level 11.1]
    Renderer: Radeon RX 560X (ID=0x67ef)
    Vendor:   
    VRAM:     4075 MB
    Driver:   27.20.1017.1011
Initialize mono
Mono path[0] = 'C:/Program Files/Unity/Editor/Data/Managed'
Mono path[1] = 'C:/Program Files/Unity/Editor/Data/MonoBleedingEdge/lib/mono/unityjit'
Mono config path = 'C:/Program Files/Unity/Editor/Data/MonoBleedingEdge/etc'
Using monoOptions --debugger-agent=transport=dt_socket,embedding=1,server=y,suspend=n,address=127.0.0.1:56420
Begin MonoManager ReloadAssembly
Registering precompiled unity dll's ...
Register platform support module: C:/Program Files/Unity/Editor/Data/PlaybackEngines/WindowsStandaloneSupport/UnityEditor.WindowsStandalone.Extensions.dll
Registered in 0.003158 seconds.
Native extension for WindowsStandalone target not found
Refreshing native plugins compatible for Editor in 49.50 ms, found 1 plugins.
Preloading 0 native plugins for Editor in 0.00 ms.
Invoked RoslynAnalysisRunner static constructor.
RoslynAnalysisRunner will not be running.
RoslynAnalysisRunner has terminated.
Mono: successfully reloaded assembly
- Completed reload, in  1.625 seconds
Platform modules already initialized, skipping
Registering precompiled user dll's ...
Registered in 0.001739 seconds.
Begin MonoManager ReloadAssembly
Native extension for WindowsStandalone target not found
Refreshing native plugins compatible for Editor in 51.38 ms, found 1 plugins.
Preloading 0 native plugins for Editor in 0.00 ms.
Invoked RoslynAnalysisRunner static constructor.
RoslynAnalysisRunner will not be running.
RoslynAnalysisRunner has terminated.
Mono: successfully reloaded assembly
- Completed reload, in  1.358 seconds
Platform modules already initialized, skipping
========================================================================
Worker process is ready to serve import requests
Launched and connected shader compiler UnityShaderCompiler.exe after 0.11 seconds
Refreshing native plugins compatible for Editor in 0.45 ms, found 1 plugins.
Preloading 0 native plugins for Editor in 0.00 ms.
Unloading 1793 Unused Serialized files (Serialized files now loaded: 0)
System memory in use before: 94.6 MB.
System memory in use after: 94.6 MB.

Unloading 15 unused Assets to reduce memory usage. Loaded Objects now: 2243.
Total: 3.355900 ms (FindLiveObjects: 0.425800 ms CreateObjectMapping: 0.172000 ms MarkObjects: 2.643700 ms  DeleteObjects: 0.112100 ms)

========================================================================
Received Import Request.
  path: Assets/ObjectAssets/Low Resolution Forest Tileset and Assets/Trees/Forest_Trees_x2.png
  artifactKey: Guid(ec333fe2fa2c0ac49aa92a91b4b68d78) Importer(815301076,1909f56bfc062723c751e8b465ee728b)
Start importing Assets/ObjectAssets/Low Resolution Forest Tileset and Assets/Trees/Forest_Trees_x2.png using Guid(ec333fe2fa2c0ac49aa92a91b4b68d78) Importer(815301076,1909f56bfc062723c751e8b465ee728b)  -> (artifact id: 'b1bcb8361cfb5d8a4e95cce0b86af7fd') in 0.170304 seconds
  Import took 0.174621 seconds .

========================================================================
Received Import Request.
  Time since last request: 0.000276 seconds.
  path: Assets/ObjectAssets/Low Resolution Forest Tileset and Assets/Trees/Forest_Trees.png
  artifactKey: Guid(363af8bd9f8d3f742b31c5f89e6ce04c) Importer(815301076,1909f56bfc062723c751e8b465ee728b)
Start importing Assets/ObjectAssets/Low Resolution Forest Tileset and Assets/Trees/Forest_Trees.png using Guid(363af8bd9f8d3f742b31c5f89e6ce04c) Importer(815301076,1909f56bfc062723c751e8b465ee728b)  -> (artifact id: '10dc1857395c1b31a68f43f970f34640') in 0.022743 seconds
  Import took 0.029686 seconds .

========================================================================
Received Import Request.
  Time since last request: 0.000268 seconds.
  path: Assets/ObjectAssets/Low Resolution Forest Tileset and Assets/Trees/Forest_Trees_x4.png
  artifactKey: Guid(184668408db67764e9e88e7c4ce3d67d) Importer(815301076,1909f56bfc062723c751e8b465ee728b)
Start importing Assets/ObjectAssets/Low Resolution Forest Tileset and Assets/Trees/Forest_Trees_x4.png using Guid(184668408db67764e9e88e7c4ce3d67d) Importer(815301076,1909f56bfc062723c751e8b465ee728b)  -> (artifact id: 'd508ec50f1695bf0d1c30a4774bf2f0e') in 0.033628 seconds
  Import took 0.039240 seconds .

========================================================================
Received Import Request.
  Time since last request: 0.000260 seconds.
  path: Assets/ObjectAssets/Low Resolution Forest Tileset and Assets/Trees
  artifactKey: Guid(107277f7911c20e449e4015f09af5448) Importer(815301076,1909f56bfc062723c751e8b465ee728b)
Start importing Assets/ObjectAssets/Low Resolution Forest Tileset and Assets/Trees using Guid(107277f7911c20e449e4015f09af5448) Importer(815301076,1909f56bfc062723c751e8b465ee728b)  -> (artifact id: '651176adbef197e4dbe44d2707f7b4a3') in 0.012826 seconds
  Import took 0.020018 seconds .

========================================================================
Received Import Request.
  Time since last request: 361.657606 seconds.
  path: Assets/ObjectAssets/Low Resolution Forest Tileset and Assets/Forest Background Assets/Forest_Background_Assets.png
  artifactKey: Guid(1077bdf014b7d864dbe8ca0baafdd4a4) Importer(815301076,1909f56bfc062723c751e8b465ee728b)
Start importing Assets/ObjectAssets/Low Resolution Forest Tileset and Assets/Forest Background Assets/Forest_Background_Assets.png using Guid(1077bdf014b7d864dbe8ca0baafdd4a4) Importer(815301076,1909f56bfc062723c751e8b465ee728b)  -> (artifact id: 'd46dec241aef2bf8b07dddb3b91b222d') in 0.033267 seconds
  Import took 0.039459 seconds .

========================================================================
Received Import Request.
  Time since last request: 0.000237 seconds.
  path: Assets/ObjectAssets/Low Resolution Forest Tileset and Assets/Forest Background Assets/Forest_Background_Assets_x2.png
  artifactKey: Guid(de4d8ae7bfd64e04394139546a54dd7b) Importer(815301076,1909f56bfc062723c751e8b465ee728b)
Start importing Assets/ObjectAssets/Low Resolution Forest Tileset and Assets/Forest Background Assets/Forest_Background_Assets_x2.png using Guid(de4d8ae7bfd64e04394139546a54dd7b) Importer(815301076,1909f56bfc062723c751e8b465ee728b)  -> (artifact id: '637e5f856ab0b87fd0bd2ed86d2a2c2e') in 0.047839 seconds
  Import took 0.052173 seconds .

========================================================================
Received Import Request.
  Time since last request: 0.000266 seconds.
  path: Assets/ObjectAssets/Low Resolution Forest Tileset and Assets/Forest Background Assets/Forest_Background_Assets_x4.png
  artifactKey: Guid(6212f5aea7f7c954b907614cc2015a19) Importer(815301076,1909f56bfc062723c751e8b465ee728b)
Start importing Assets/ObjectAssets/Low Resolution Forest Tileset and Assets/Forest Background Assets/Forest_Background_Assets_x4.png using Guid(6212f5aea7f7c954b907614cc2015a19) Importer(815301076,1909f56bfc062723c751e8b465ee728b)  -> (artifact id: '2cfefb72c99f54a4cf44b16e48b4b6ba') in 0.041889 seconds
  Import took 0.046905 seconds .

========================================================================
Received Import Request.
  Time since last request: 0.005471 seconds.
  path: Assets/ObjectAssets/Low Resolution Forest Tileset and Assets/Forest Background Assets/Forest_Background_Assets_x4.png
  artifactKey: Guid(6212f5aea7f7c954b907614cc2015a19) Importer(815301076,1909f56bfc062723c751e8b465ee728b)
Start importing Assets/ObjectAssets/Low Resolution Forest Tileset and Assets/Forest Background Assets/Forest_Background_Assets_x4.png using Guid(6212f5aea7f7c954b907614cc2015a19) Importer(815301076,1909f56bfc062723c751e8b465ee728b)  -> (artifact id: '2cfefb72c99f54a4cf44b16e48b4b6ba') in 0.022479 seconds
  Import took 0.027667 seconds .

========================================================================
Received Import Request.
  Time since last request: 2553.614586 seconds.
  path: Assets/ObjectAssets/Low Resolution Forest Tileset and Assets/Background/Forest Background Layer 1
  artifactKey: Guid(45bac53aa6f76ff4ba40146bca9b722c) Importer(815301076,1909f56bfc062723c751e8b465ee728b)
Start importing Assets/ObjectAssets/Low Resolution Forest Tileset and Assets/Background/Forest Background Layer 1 using Guid(45bac53aa6f76ff4ba40146bca9b722c) Importer(815301076,1909f56bfc062723c751e8b465ee728b)  -> (artifact id: '630bcd129a6498b7013352291e40ad71') in 0.013381 seconds
  Import took 0.018171 seconds .

========================================================================
Received Import Request.
  Time since last request: 0.068821 seconds.
  path: Assets/ObjectAssets/Low Resolution Forest Tileset and Assets/Background/Forest Background Layer 1/Background_layer1.png
  artifactKey: Guid(4ed6c263d3e2daa4a8ccca5eaa79a154) Importer(815301076,1909f56bfc062723c751e8b465ee728b)
Start importing Assets/ObjectAssets/Low Resolution Forest Tileset and Assets/Background/Forest Background Layer 1/Background_layer1.png using Guid(4ed6c263d3e2daa4a8ccca5eaa79a154) Importer(815301076,1909f56bfc062723c751e8b465ee728b)  -> (artifact id: '49be4028cc5a740b28bdb0db3aed57e8') in 0.032594 seconds
  Import took 0.037604 seconds .

========================================================================
Received Import Request.
  Time since last request: 0.000298 seconds.
  path: Assets/ObjectAssets/Low Resolution Forest Tileset and Assets/Background/Forest Background Layer 1/Background_layer1_x4.png
  artifactKey: Guid(0dfa7a1747f25ee4bb56705febc6e756) Importer(815301076,1909f56bfc062723c751e8b465ee728b)
Start importing Assets/ObjectAssets/Low Resolution Forest Tileset and Assets/Background/Forest Background Layer 1/Background_layer1_x4.png using Guid(0dfa7a1747f25ee4bb56705febc6e756) Importer(815301076,1909f56bfc062723c751e8b465ee728b)  -> (artifact id: '65e006ea4547ebba56a46fda419e55bf') in 0.040458 seconds
  Import took 0.045520 seconds .

========================================================================
Received Import Request.
  Time since last request: 0.000312 seconds.
  path: Assets/ObjectAssets/Low Resolution Forest Tileset and Assets/Background/Forest Background Layer 1/Background_layer1_x2.png
  artifactKey: Guid(81ab0d9becc4be544b5f5f0a7f7d8f01) Importer(815301076,1909f56bfc062723c751e8b465ee728b)
Start importing Assets/ObjectAssets/Low Resolution Forest Tileset and Assets/Background/Forest Background Layer 1/Background_layer1_x2.png using Guid(81ab0d9becc4be544b5f5f0a7f7d8f01) Importer(815301076,1909f56bfc062723c751e8b465ee728b)  -> (artifact id: 'a28272a1378fed6e2c230ace211d2f55') in 0.036309 seconds
  Import took 0.041255 seconds .

AssetImportWorkerClient::OnTransportError - code=2 error=End of file
