Using pre-set license
Built from '2020.3/staging' branch; Version is '2020.3.0f1 (c7b5465681fb) revision 13088070'; Using compiler version '192528614'; Build Type 'Release'
OS: 'Windows 10 Pro; OS build 19042.804; Version 2009; 64bit' Language: 'ko' Physical Memory: 32680 MB
BatchMode: 1, IsHumanControllingUs: 0, StartBugReporterOnCrash: 0, Is64bit: 1, IsPro: 0

 COMMAND LINE ARGUMENTS:
C:\Program Files\Unity\Hub\Editor\2020.3.0f1\Editor\Unity.exe
-adb2
-batchMode
-noUpm
-name
AssetImportWorker0
-projectPath
I:/CODE/TeamProject_2021/TeamProject
-logFile
Logs/AssetImportWorker0.log
-srvPort
7361
Successfully changed project path to: I:/CODE/TeamProject_2021/TeamProject
I:/CODE/TeamProject_2021/TeamProject
Using Asset Import Pipeline V2.
Refreshing native plugins compatible for Editor in 16.64 ms, found 0 plugins.
Preloading 0 native plugins for Editor in 0.00 ms.
Initialize engine version: 2020.3.0f1 (c7b5465681fb)
[Subsystems] Discovering subsystems at path C:/Program Files/Unity/Hub/Editor/2020.3.0f1/Editor/Data/Resources/UnitySubsystems
[Subsystems] Discovering subsystems at path I:/CODE/TeamProject_2021/TeamProject/Assets
GfxDevice: creating device client; threaded=0
Direct3D:
    Version:  Direct3D 11.0 [level 11.1]
    Renderer: NVIDIA GeForce RTX 2070 (ID=0x1f02)
    Vendor:   
    VRAM:     8031 MB
    Driver:   27.21.14.6627
Initialize mono
Mono path[0] = 'C:/Program Files/Unity/Hub/Editor/2020.3.0f1/Editor/Data/Managed'
Mono path[1] = 'C:/Program Files/Unity/Hub/Editor/2020.3.0f1/Editor/Data/MonoBleedingEdge/lib/mono/unityjit'
Mono config path = 'C:/Program Files/Unity/Hub/Editor/2020.3.0f1/Editor/Data/MonoBleedingEdge/etc'
Using monoOptions --debugger-agent=transport=dt_socket,embedding=1,server=y,suspend=n,address=127.0.0.1:56480
Begin MonoManager ReloadAssembly
Registering precompiled unity dll's ...
Register platform support module: C:/Program Files/Unity/Hub/Editor/2020.3.0f1/Editor/Data/PlaybackEngines/WindowsStandaloneSupport/UnityEditor.WindowsStandalone.Extensions.dll
Registered in 0.001362 seconds.
Native extension for WindowsStandalone target not found
Refreshing native plugins compatible for Editor in 19.64 ms, found 0 plugins.
Preloading 0 native plugins for Editor in 0.00 ms.
Invoked RoslynAnalysisRunner static constructor.
RoslynAnalysisRunner will not be running.
RoslynAnalysisRunner has terminated.
Mono: successfully reloaded assembly
- Completed reload, in  0.836 seconds
Platform modules already initialized, skipping
Registering precompiled user dll's ...
Registered in 0.000375 seconds.
Begin MonoManager ReloadAssembly
Native extension for WindowsStandalone target not found
Refreshing native plugins compatible for Editor in 0.26 ms, found 0 plugins.
Preloading 0 native plugins for Editor in 0.00 ms.
Invoked RoslynAnalysisRunner static constructor.
RoslynAnalysisRunner will not be running.
RoslynAnalysisRunner has terminated.
Mono: successfully reloaded assembly
- Completed reload, in  0.535 seconds
Platform modules already initialized, skipping
========================================================================
Worker process is ready to serve import requests
Launched and connected shader compiler UnityShaderCompiler.exe after 0.04 seconds
Refreshing native plugins compatible for Editor in 0.23 ms, found 0 plugins.
Preloading 0 native plugins for Editor in 0.00 ms.
Unloading 1237 Unused Serialized files (Serialized files now loaded: 0)
System memory in use before: 72.7 MB.
System memory in use after: 72.8 MB.

Unloading 9 unused Assets to reduce memory usage. Loaded Objects now: 1681.
Total: 1.366800 ms (FindLiveObjects: 0.149900 ms CreateObjectMapping: 0.026500 ms MarkObjects: 1.143000 ms  DeleteObjects: 0.046800 ms)

========================================================================
Received Import Request.
  path: Assets/Script/CodeFormatExample
  artifactKey: Guid(1bb259d0f36440841b65889436da8ddb) Importer(815301076,1909f56bfc062723c751e8b465ee728b)
Start importing Assets/Script/CodeFormatExample using Guid(1bb259d0f36440841b65889436da8ddb) Importer(815301076,1909f56bfc062723c751e8b465ee728b)  -> (artifact id: 'f34f5c2da613c64771eba4c06b33d3c5') in 0.006549 seconds
  Import took 0.008149 seconds .

========================================================================
Received Import Request.
  Time since last request: 13.707696 seconds.
  path: Assets/Script/CodeFormatExample/CodeFormatExample.cs
  artifactKey: Guid(0d3b34fc588fedf45bc6dfa5377ad400) Importer(815301076,1909f56bfc062723c751e8b465ee728b)
Start importing Assets/Script/CodeFormatExample/CodeFormatExample.cs using Guid(0d3b34fc588fedf45bc6dfa5377ad400) Importer(815301076,1909f56bfc062723c751e8b465ee728b)  -> (artifact id: 'd8113616a924661080750d8c24696789') in 0.015976 seconds
  Import took 0.019794 seconds .

========================================================================
Received Import Request.
  Time since last request: 0.039221 seconds.
  path: Assets/Script/CodeFormatExample/CodeFormatExample.cs
  artifactKey: Guid(0d3b34fc588fedf45bc6dfa5377ad400) Importer(815301076,1909f56bfc062723c751e8b465ee728b)
Start importing Assets/Script/CodeFormatExample/CodeFormatExample.cs using Guid(0d3b34fc588fedf45bc6dfa5377ad400) Importer(815301076,1909f56bfc062723c751e8b465ee728b)  -> (artifact id: 'd8113616a924661080750d8c24696789') in 0.001620 seconds
  Import took 0.004089 seconds .

========================================================================
Received Prepare
Registering precompiled user dll's ...
Registered in 0.000352 seconds.
Begin MonoManager ReloadAssembly
Native extension for WindowsStandalone target not found
Refreshing native plugins compatible for Editor in 0.23 ms, found 0 plugins.
Preloading 0 native plugins for Editor in 0.00 ms.
Invoked RoslynAnalysisRunner static constructor.
RoslynAnalysisRunner will not be running.
RoslynAnalysisRunner has terminated.
Mono: successfully reloaded assembly
- Completed reload, in  0.539 seconds
Platform modules already initialized, skipping
Refreshing native plugins compatible for Editor in 0.50 ms, found 0 plugins.
Preloading 0 native plugins for Editor in 0.00 ms.
Unloading 1166 Unused Serialized files (Serialized files now loaded: 0)
System memory in use before: 67.5 MB.
System memory in use after: 67.6 MB.
<<<<<<< Updated upstream

Unloading 4 unused Assets to reduce memory usage. Loaded Objects now: 1685.
Total: 1.952000 ms (FindLiveObjects: 0.181500 ms CreateObjectMapping: 0.036700 ms MarkObjects: 1.717200 ms  DeleteObjects: 0.015600 ms)

========================================================================
Received Prepare
Registering precompiled user dll's ...
Registered in 0.000418 seconds.
Begin MonoManager ReloadAssembly
Native extension for WindowsStandalone target not found
Refreshing native plugins compatible for Editor in 0.23 ms, found 0 plugins.
Preloading 0 native plugins for Editor in 0.00 ms.
Invoked RoslynAnalysisRunner static constructor.
RoslynAnalysisRunner will not be running.
RoslynAnalysisRunner has terminated.
Mono: successfully reloaded assembly
- Completed reload, in  0.519 seconds
Platform modules already initialized, skipping
Refreshing native plugins compatible for Editor in 0.30 ms, found 0 plugins.
Preloading 0 native plugins for Editor in 0.00 ms.
Unloading 1166 Unused Serialized files (Serialized files now loaded: 0)
System memory in use before: 67.5 MB.
System memory in use after: 67.6 MB.

Unloading 4 unused Assets to reduce memory usage. Loaded Objects now: 1688.
Total: 1.646300 ms (FindLiveObjects: 0.241200 ms CreateObjectMapping: 0.033700 ms MarkObjects: 1.355800 ms  DeleteObjects: 0.014700 ms)

=======

Unloading 4 unused Assets to reduce memory usage. Loaded Objects now: 1685.
Total: 1.952000 ms (FindLiveObjects: 0.181500 ms CreateObjectMapping: 0.036700 ms MarkObjects: 1.717200 ms  DeleteObjects: 0.015600 ms)

========================================================================
Received Prepare
Registering precompiled user dll's ...
Registered in 0.000418 seconds.
Begin MonoManager ReloadAssembly
Native extension for WindowsStandalone target not found
Refreshing native plugins compatible for Editor in 0.23 ms, found 0 plugins.
Preloading 0 native plugins for Editor in 0.00 ms.
Invoked RoslynAnalysisRunner static constructor.
RoslynAnalysisRunner will not be running.
RoslynAnalysisRunner has terminated.
Mono: successfully reloaded assembly
- Completed reload, in  0.519 seconds
Platform modules already initialized, skipping
Refreshing native plugins compatible for Editor in 0.30 ms, found 0 plugins.
Preloading 0 native plugins for Editor in 0.00 ms.
Unloading 1166 Unused Serialized files (Serialized files now loaded: 0)
System memory in use before: 67.5 MB.
System memory in use after: 67.6 MB.

Unloading 4 unused Assets to reduce memory usage. Loaded Objects now: 1688.
Total: 1.646300 ms (FindLiveObjects: 0.241200 ms CreateObjectMapping: 0.033700 ms MarkObjects: 1.355800 ms  DeleteObjects: 0.014700 ms)

========================================================================
Received Prepare
Registering precompiled user dll's ...
Registered in 0.000332 seconds.
Begin MonoManager ReloadAssembly
Native extension for WindowsStandalone target not found
Refreshing native plugins compatible for Editor in 0.21 ms, found 0 plugins.
Preloading 0 native plugins for Editor in 0.00 ms.
Invoked RoslynAnalysisRunner static constructor.
RoslynAnalysisRunner will not be running.
RoslynAnalysisRunner has terminated.
Mono: successfully reloaded assembly
- Completed reload, in  0.555 seconds
Platform modules already initialized, skipping
Refreshing native plugins compatible for Editor in 0.21 ms, found 0 plugins.
Preloading 0 native plugins for Editor in 0.00 ms.
Unloading 1108 Unused Serialized files (Serialized files now loaded: 0)
System memory in use before: 66.1 MB.
System memory in use after: 66.2 MB.

Unloading 4 unused Assets to reduce memory usage. Loaded Objects now: 1691.
Total: 1.458700 ms (FindLiveObjects: 0.135300 ms CreateObjectMapping: 0.025200 ms MarkObjects: 1.281400 ms  DeleteObjects: 0.015900 ms)

AssetImportWorkerClient::OnTransportError - code=2 error=End of file
>>>>>>> Stashed changes
